<?xml version="1.0" encoding="UTF-8"?>
<testsuite xmlns:xsi="http://www.w3.org/2001/XMLSchema-instance" xsi:noNamespaceSchemaLocation="https://maven.apache.org/surefire/maven-surefire-plugin/xsd/surefire-test-report-3.0.xsd" version="3.0" name="com.arquisoft2023II.clinic_history_ms.ClinicHistoryMsApplicationTests" time="9.638" tests="1" errors="0" skipped="0" failures="0">
  <properties>
[...]
</properties>
  <testcase name="contextLoads" classname="com.arquisoft2023II.clinic_history_ms.ClinicHistoryMsApplicationTests" time="1.244">
    <system-out><![CDATA[16:19:51.748 [main] INFO org.springframework.test.context.support.AnnotationConfigContextLoaderUtils -- Could not detect default configuration classes for test class [com.arquisoft2023II.clinic_history_ms.ClinicHistoryMsApplicationTests]: ClinicHistoryMsApplicationTests does not declare any static, non-private, non-final, nested classes annotated with @Configuration.
16:19:51.919 [main] INFO org.springframework.boot.test.context.SpringBootTestContextBootstrapper -- Found @SpringBootConfiguration com.arquisoft2023II.clinic_history_ms.ClinicHistoryMsApplication for test class com.arquisoft2023II.clinic_history_ms.ClinicHistoryMsApplicationTests

  .   ____          _            __ _ _
 /\\ / ___'_ __ _ _(_)_ __  __ _ \ \ \ \
( ( )\___ | '_ | '_| | '_ \/ _` | \ \ \ \
 \\/  ___)| |_)| | | | | || (_| |  ) ) ) )
  '  |____| .__|_| |_|_| |_\__, | / / / /
 =========|_|==============|___/=/_/_/_/
 :: Spring Boot ::                (v3.1.3)

2023-11-13T16:19:52.597-05:00  INFO 15760 --- [           main] c.a.c.ClinicHistoryMsApplicationTests    : Starting ClinicHistoryMsApplicationTests using Java 17.0.7 with PID 15760 (started by santi in D:\doc\universidad\arquisoft\clinic_history_ms)
2023-11-13T16:19:52.600-05:00  INFO 15760 --- [           main] c.a.c.ClinicHistoryMsApplicationTests    : No active profile set, falling back to 1 default profile: "default"
2023-11-13T16:19:53.515-05:00  INFO 15760 --- [           main] .s.d.r.c.RepositoryConfigurationDelegate : Bootstrapping Spring Data MongoDB repositories in DEFAULT mode.
2023-11-13T16:19:53.741-05:00  INFO 15760 --- [           main] .s.d.r.c.RepositoryConfigurationDelegate : Finished Spring Data repository scanning in 219 ms. Found 1 MongoDB repository interfaces.
2023-11-13T16:19:54.633-05:00  INFO 15760 --- [           main] org.mongodb.driver.client                : MongoClient with metadata {"driver": {"name": "mongo-java-driver|sync|spring-boot", "version": "4.9.1"}, "os": {"type": "Windows", "name": "Windows 10", "architecture": "amd64", "version": "10.0"}, "platform": "Java/Eclipse Adoptium/17.0.7+7"} created with settings MongoClientSettings{readPreference=primary, writeConcern=WriteConcern{w=majority, wTimeout=null ms, journal=null}, retryWrites=true, retryReads=true, readConcern=ReadConcern{level=null}, credential=MongoCredential{mechanism=null, userName='salvarezri', source='admin', password=<hidden>, mechanismProperties=<hidden>}, streamFactoryFactory=null, commandListeners=[], codecRegistry=ProvidersCodecRegistry{codecProviders=[ValueCodecProvider{}, BsonValueCodecProvider{}, DBRefCodecProvider{}, DBObjectCodecProvider{}, DocumentCodecProvider{}, CollectionCodecProvider{}, IterableCodecProvider{}, MapCodecProvider{}, GeoJsonCodecProvider{}, GridFSFileCodecProvider{}, Jsr310CodecProvider{}, JsonObjectCodecProvider{}, BsonCodecProvider{}, EnumCodecProvider{}, com.mongodb.client.model.mql.ExpressionCodecProvider@746c411c, com.mongodb.Jep395RecordCodecProvider@43ecfeb5]}, loggerSettings=LoggerSettings{maxDocumentLength=1000}, clusterSettings={hosts=[127.0.0.1:27017], srvHost=united1.58mfhug.mongodb.net, srvServiceName=mongodb, mode=MULTIPLE, requiredClusterType=REPLICA_SET, requiredReplicaSetName='atlas-v4shpo-shard-0', serverSelector='null', clusterListeners='[]', serverSelectionTimeout='30000 ms', localThreshold='30000 ms'}, socketSettings=SocketSettings{connectTimeoutMS=10000, readTimeoutMS=0, receiveBufferSize=0, sendBufferSize=0}, heartbeatSocketSettings=SocketSettings{connectTimeoutMS=10000, readTimeoutMS=10000, receiveBufferSize=0, sendBufferSize=0}, connectionPoolSettings=ConnectionPoolSettings{maxSize=100, minSize=0, maxWaitTimeMS=120000, maxConnectionLifeTimeMS=0, maxConnectionIdleTimeMS=0, maintenanceInitialDelayMS=0, maintenanceFrequencyMS=60000, connectionPoolListeners=[], maxConnecting=2}, serverSettings=ServerSettings{heartbeatFrequencyMS=10000, minHeartbeatFrequencyMS=500, serverListeners='[]', serverMonitorListeners='[]'}, sslSettings=SslSettings{enabled=true, invalidHostNameAllowed=false, context=null}, applicationName='null', compressorList=[], uuidRepresentation=JAVA_LEGACY, serverApi=null, autoEncryptionSettings=null, contextProvider=null}
2023-11-13T16:19:54.695-05:00  INFO 15760 --- [hug.mongodb.net] org.mongodb.driver.cluster               : Adding discovered server ac-2q3693s-shard-00-00.58mfhug.mongodb.net:27017 to client view of cluster
2023-11-13T16:19:54.736-05:00  INFO 15760 --- [hug.mongodb.net] org.mongodb.driver.cluster               : Adding discovered server ac-2q3693s-shard-00-01.58mfhug.mongodb.net:27017 to client view of cluster
2023-11-13T16:19:54.736-05:00  INFO 15760 --- [hug.mongodb.net] org.mongodb.driver.cluster               : Adding discovered server ac-2q3693s-shard-00-02.58mfhug.mongodb.net:27017 to client view of cluster
2023-11-13T16:19:55.138-05:00  INFO 15760 --- [           main] org.mongodb.driver.cluster               : No server chosen by com.mongodb.client.internal.MongoClientDelegate$$Lambda$1095/0x00000008014d9868@58aa1d72 from cluster description ClusterDescription{type=REPLICA_SET, connectionMode=MULTIPLE, serverDescriptions=[ServerDescription{address=ac-2q3693s-shard-00-00.58mfhug.mongodb.net:27017, type=UNKNOWN, state=CONNECTING}, ServerDescription{address=ac-2q3693s-shard-00-02.58mfhug.mongodb.net:27017, type=UNKNOWN, state=CONNECTING}, ServerDescription{address=ac-2q3693s-shard-00-01.58mfhug.mongodb.net:27017, type=UNKNOWN, state=CONNECTING}]}. Waiting for 30000 ms before timing out
2023-11-13T16:19:56.036-05:00  INFO 15760 --- [ngodb.net:27017] org.mongodb.driver.cluster               : Monitor thread successfully connected to server with description ServerDescription{address=ac-2q3693s-shard-00-02.58mfhug.mongodb.net:27017, type=REPLICA_SET_PRIMARY, state=CONNECTED, ok=true, minWireVersion=0, maxWireVersion=17, maxDocumentSize=16777216, logicalSessionTimeoutMinutes=30, roundTripTimeNanos=642525200, setName='atlas-v4shpo-shard-0', canonicalAddress=ac-2q3693s-shard-00-02.58mfhug.mongodb.net:27017, hosts=[ac-2q3693s-shard-00-00.58mfhug.mongodb.net:27017, ac-2q3693s-shard-00-02.58mfhug.mongodb.net:27017, ac-2q3693s-shard-00-01.58mfhug.mongodb.net:27017], passives=[], arbiters=[], primary='ac-2q3693s-shard-00-02.58mfhug.mongodb.net:27017', tagSet=TagSet{[Tag{name='nodeType', value='ELECTABLE'}, Tag{name='provider', value='AWS'}, Tag{name='region', value='US_EAST_1'}, Tag{name='workloadType', value='OPERATIONAL'}]}, electionId=7fffffff000000000000015f, setVersion=8, topologyVersion=TopologyVersion{processId=6551cc1dccc5ffd30df09854, counter=6}, lastWriteDate=Mon Nov 13 16:19:55 COT 2023, lastUpdateTimeNanos=579052661989900}
2023-11-13T16:19:56.036-05:00  INFO 15760 --- [ngodb.net:27017] org.mongodb.driver.cluster               : Monitor thread successfully connected to server with description ServerDescription{address=ac-2q3693s-shard-00-01.58mfhug.mongodb.net:27017, type=REPLICA_SET_SECONDARY, state=CONNECTED, ok=true, minWireVersion=0, maxWireVersion=17, maxDocumentSize=16777216, logicalSessionTimeoutMinutes=30, roundTripTimeNanos=642347700, setName='atlas-v4shpo-shard-0', canonicalAddress=ac-2q3693s-shard-00-01.58mfhug.mongodb.net:27017, hosts=[ac-2q3693s-shard-00-00.58mfhug.mongodb.net:27017, ac-2q3693s-shard-00-02.58mfhug.mongodb.net:27017, ac-2q3693s-shard-00-01.58mfhug.mongodb.net:27017], passives=[], arbiters=[], primary='ac-2q3693s-shard-00-02.58mfhug.mongodb.net:27017', tagSet=TagSet{[Tag{name='nodeType', value='ELECTABLE'}, Tag{name='provider', value='AWS'}, Tag{name='region', value='US_EAST_1'}, Tag{name='workloadType', value='OPERATIONAL'}]}, electionId=null, setVersion=8, topologyVersion=TopologyVersion{processId=6551cd36339fd31e4a4cc6c1, counter=3}, lastWriteDate=Mon Nov 13 16:19:55 COT 2023, lastUpdateTimeNanos=579052661812900}
2023-11-13T16:19:56.036-05:00  INFO 15760 --- [ngodb.net:27017] org.mongodb.driver.cluster               : Monitor thread successfully connected to server with description ServerDescription{address=ac-2q3693s-shard-00-00.58mfhug.mongodb.net:27017, type=REPLICA_SET_SECONDARY, state=CONNECTED, ok=true, minWireVersion=0, maxWireVersion=17, maxDocumentSize=16777216, logicalSessionTimeoutMinutes=30, roundTripTimeNanos=642327400, setName='atlas-v4shpo-shard-0', canonicalAddress=ac-2q3693s-shard-00-00.58mfhug.mongodb.net:27017, hosts=[ac-2q3693s-shard-00-00.58mfhug.mongodb.net:27017, ac-2q3693s-shard-00-02.58mfhug.mongodb.net:27017, ac-2q3693s-shard-00-01.58mfhug.mongodb.net:27017], passives=[], arbiters=[], primary='ac-2q3693s-shard-00-02.58mfhug.mongodb.net:27017', tagSet=TagSet{[Tag{name='nodeType', value='ELECTABLE'}, Tag{name='provider', value='AWS'}, Tag{name='region', value='US_EAST_1'}, Tag{name='workloadType', value='OPERATIONAL'}]}, electionId=null, setVersion=8, topologyVersion=TopologyVersion{processId=6551cb084b506cfec01f33af, counter=4}, lastWriteDate=Mon Nov 13 16:19:55 COT 2023, lastUpdateTimeNanos=579052661795700}
2023-11-13T16:19:56.040-05:00  INFO 15760 --- [ngodb.net:27017] org.mongodb.driver.cluster               : Discovered replica set primary ac-2q3693s-shard-00-02.58mfhug.mongodb.net:27017 with max election id 7fffffff000000000000015f and max set version 8
2023-11-13T16:19:59.111-05:00  INFO 15760 --- [           main] efaultSchemaResourceGraphQlSourceBuilder : Loaded 1 resource(s) in the GraphQL schema.
2023-11-13T16:19:59.458-05:00  INFO 15760 --- [           main] s.b.a.g.s.GraphQlWebMvcAutoConfiguration : GraphQL endpoint HTTP POST /graphql
2023-11-13T16:19:59.583-05:00  INFO 15760 --- [           main] c.a.c.ClinicHistoryMsApplicationTests    : Started ClinicHistoryMsApplicationTests in 7.413 seconds (process running for 8.858)
pet already exists:
Pet(id=64fff36bbf5f68041d939091, usersDBId=pet4, petInfo=PetInfo(weight=9.5, age=5, diseases=[Disease(name=disease5, discoveryDate=2023-09-12T00:13:15.206, description=lorem ipsum), Disease(name=disease2, discoveryDate=2023-09-12T00:13:15.206, description=lorem ipsum), Disease(name=disease3, discoveryDate=2023-09-12T00:13:15.206, description=lorem ipsum)], vaccines=[Vaccine(name=vaccine1, vaccination_year=2023, description=lorem ipsum, duration=5), Vaccine(name=vaccine5, vaccination_year=2020, description=lorem ipsum, duration=5), Vaccine(name=vaccine2, vaccination_year=2018, description=lorem ipsum, duration=5), Vaccine(name=Rabia, vaccination_year=2020, description=newwwww, duration=10)]), veterinaryAppointments=[VeterinaryAppointment(id=2023-09-12T00-13-15-206082300, appointmentDate=2023-09-12T00:13:15.206, doctorId=dr2id, description=lorem ipsum, prescriptionDrugs=[], scheduledAppointments=[]), VeterinaryAppointment(id=2023-09-11T00-13-15-207115500, appointmentDate=2023-09-11T00:13:15.207, doctorId=dr1id, description=lorem ipsum, prescriptionDrugs=[], scheduledAppointments=[]), VeterinaryAppointment(id=2023-08-12T00-13-15-207115500, appointmentDate=2023-08-12T00:13:15.207, doctorId=dr5id, description=lorem ipsum, prescriptionDrugs=[], scheduledAppointments=[])])
]]></system-out>
  </testcase>
</testsuite>